<?xml version="1.0" encoding="UTF-8"?>
<!-- Generated by org.testng.reporters.JUnitReportReporter -->
<testsuite hostname="CHANDRESHs-MacBook-Air.local" failures="0" tests="6" name="testCase.TC003_LoginDDT" time="52.252" errors="0" timestamp="2024-10-11T12:58:07 IST" skipped="0">
  <testcase classname="testCase.TC003_LoginDDT" name="verify_loginDDT" time="12.027"/>
  <testcase classname="testCase.TC003_LoginDDT" name="verify_loginDDT" time="11.460"/>
  <testcase classname="testCase.TC003_LoginDDT" name="verify_loginDDT" time="11.312"/>
  <testcase classname="testCase.TC003_LoginDDT" name="verify_loginDDT" time="4.344"/>
  <testcase classname="testCase.TC003_LoginDDT" name="verify_loginDDT" time="2.116"/>
  <testcase classname="testCase.TC003_LoginDDT" name="verify_loginDDT" time="10.993"/>
</testsuite> <!-- testCase.TC003_LoginDDT -->
