<?xml version="1.0" encoding="UTF-8"?>
<!-- Generated by org.testng.reporters.JUnitReportReporter -->
<testsuite hostname="CHANDRESHs-MacBook-Air.local" failures="0" tests="1" name="testCase.TC002_LoginTest" time="4.930" errors="0" timestamp="2024-10-13T21:21:17 IST" skipped="0">
  <testcase classname="testCase.TC002_LoginTest" name="verify_login" time="4.930"/>
</testsuite> <!-- testCase.TC002_LoginTest -->
